<?xml version="1.0" encoding="UTF-8"?>
<testsuite xmlns:xsi="http://www.w3.org/2001/XMLSchema-instance" xsi:noNamespaceSchemaLocation="https://maven.apache.org/surefire/maven-surefire-plugin/xsd/surefire-test-report.xsd" name="TestSuite" time="63.052" tests="6" errors="0" skipped="0" failures="0">
  <properties>
[...]
</properties>
  <testcase name="runScenario" classname="testrunner.testrunner1" time="11.048"/>
  <testcase name="runScenario" classname="testrunner.testrunner1" time="9.624"/>
  <testcase name="runScenario" classname="testrunner.testrunner1" time="9.683"/>
  <testcase name="runScenario" classname="testrunner.testrunner2" time="12.084"/>
  <testcase name="runScenario" classname="testrunner.testrunner2" time="9.535"/>
  <testcase name="runScenario" classname="testrunner.testrunner2" time="9.456"/>
</testsuite>