<?xml version="1.0" encoding="UTF-8"?>
<testng-results ignored="0" total="3" passed="3" failed="0" skipped="0">
  <reporter-output>
  </reporter-output>
  <suite started-at="2022-07-20T09:37:32 IST" name="Default suite" finished-at="2022-07-20T09:38:25 IST" duration-ms="52934">
    <groups>
      <group name="cucumber">
        <method signature="AbstractTestNGCucumberTests.runScenario(io.cucumber.testng.PickleWrapper,io.cucumber.testng.FeatureWrapper)[pri:0, instance:testrunner.testrunner2@73ad4ecc]" name="runScenario" class="io.cucumber.testng.AbstractTestNGCucumberTests"/>
      </group> <!-- cucumber -->
    </groups>
    <test started-at="2022-07-20T09:37:32 IST" name="Default test" finished-at="2022-07-20T09:38:25 IST" duration-ms="52934">
      <class name="testrunner.testrunner2">
        <test-method is-config="true" signature="setUpClass()[pri:0, instance:testrunner.testrunner2@73ad4ecc]" started-at="2022-07-20T09:37:32 IST" name="setUpClass" finished-at="2022-07-20T09:37:33 IST" duration-ms="1148" status="PASS">
          <reporter-output>
          </reporter-output>
        </test-method> <!-- setUpClass -->
        <test-method signature="runScenario(io.cucumber.testng.PickleWrapper,io.cucumber.testng.FeatureWrapper)[pri:0, instance:testrunner.testrunner2@73ad4ecc]" started-at="2022-07-20T09:37:33 IST" name="runScenario" description="Runs Cucumber Scenarios" data-provider="scenarios" finished-at="2022-07-20T09:37:56 IST" duration-ms="22902" status="PASS">
          <params>
            <param index="0">
              <value>
                <![CDATA["I want to verify the URL"]]>
              </value>
            </param>
            <param index="1">
              <value>
                <![CDATA["Optional[Feature to test the functionality of the browser]"]]>
              </value>
            </param>
          </params>
          <reporter-output>
          </reporter-output>
        </test-method> <!-- runScenario -->
        <test-method signature="runScenario(io.cucumber.testng.PickleWrapper,io.cucumber.testng.FeatureWrapper)[pri:0, instance:testrunner.testrunner2@73ad4ecc]" started-at="2022-07-20T09:37:56 IST" name="runScenario" description="Runs Cucumber Scenarios" data-provider="scenarios" finished-at="2022-07-20T09:38:10 IST" duration-ms="13821" status="PASS">
          <params>
            <param index="0">
              <value>
                <![CDATA["Checking the functionality for valid data"]]>
              </value>
            </param>
            <param index="1">
              <value>
                <![CDATA["Optional[To verify the login functionality]"]]>
              </value>
            </param>
          </params>
          <reporter-output>
          </reporter-output>
        </test-method> <!-- runScenario -->
        <test-method signature="runScenario(io.cucumber.testng.PickleWrapper,io.cucumber.testng.FeatureWrapper)[pri:0, instance:testrunner.testrunner2@73ad4ecc]" started-at="2022-07-20T09:38:10 IST" name="runScenario" description="Runs Cucumber Scenarios" data-provider="scenarios" finished-at="2022-07-20T09:38:25 IST" duration-ms="14676" status="PASS">
          <params>
            <param index="0">
              <value>
                <![CDATA["Checking the functionality for valid data"]]>
              </value>
            </param>
            <param index="1">
              <value>
                <![CDATA["Optional[To verify the login functionality]"]]>
              </value>
            </param>
          </params>
          <reporter-output>
          </reporter-output>
        </test-method> <!-- runScenario -->
        <test-method is-config="true" signature="tearDownClass()[pri:0, instance:testrunner.testrunner2@73ad4ecc]" started-at="2022-07-20T09:38:25 IST" name="tearDownClass" finished-at="2022-07-20T09:38:25 IST" duration-ms="205" status="PASS">
          <reporter-output>
          </reporter-output>
        </test-method> <!-- tearDownClass -->
      </class> <!-- testrunner.testrunner2 -->
    </test> <!-- Default test -->
  </suite> <!-- Default suite -->
</testng-results>
